<?xml version="1.0" encoding="UTF-8"?>
<!-- Generated by org.testng.reporters.JUnitXMLReporter -->
<testsuite ignored="0" hostname="Masum" failures="0" tests="155" name="Test" time="2.499" errors="0" timestamp="2024-10-21T21:47:13 IST">
  <testcase classname="com.DemoAutomationBank.testCases.BaseClass" name="@BeforeClass setup" time="1.318">
    <failure type="org.openqa.selenium.SessionNotCreatedException" message="session not created: This version of ChromeDriver only supports Chrome version 125
Current browser version is 129.0.6668.103 with binary path C:\Users\masum\AppData\Local\Google\Chrome\Application\chrome.exe
Build info: version: &amp;apos;3.141.59&amp;apos;, revision: &amp;apos;e82be7d358&amp;apos;, time: &amp;apos;2018-11-14T08:17:03&amp;apos;
System info: host: &amp;apos;MASUM&amp;apos;, ip: &amp;apos;192.168.1.77&amp;apos;, os.name: &amp;apos;Windows 11&amp;apos;, os.arch: &amp;apos;amd64&amp;apos;, os.version: &amp;apos;10.0&amp;apos;, java.version: &amp;apos;17.0.7&amp;apos;
Driver info: driver.version: ChromeDriver
remote stacktrace: 	GetHandleVerifier [0x00007FF634941F52+60322]
	(No symbol) [0x00007FF6348BCEC9]
	(No symbol) [0x00007FF634777EBA]
	(No symbol) [0x00007FF6347B6202]
	(No symbol) [0x00007FF6347B53D8]
	(No symbol) [0x00007FF6347AEFD7]
	(No symbol) [0x00007FF6347AAF74]
	(No symbol) [0x00007FF6347F7934]
	(No symbol) [0x00007FF6347F6F90]
	(No symbol) [0x00007FF6347EBFC3]
	(No symbol) [0x00007FF6347B9617]
	(No symbol) [0x00007FF6347BA211]
	GetHandleVerifier [0x00007FF634C5949D+3301613]
	GetHandleVerifier [0x00007FF634CA36C3+3605267]
	GetHandleVerifier [0x00007FF634C99440+3563664]
	GetHandleVerifier [0x00007FF6349F4326+790390]
	(No symbol) [0x00007FF6348C750F]
	(No symbol) [0x00007FF6348C3404]
	(No symbol) [0x00007FF6348C3592]
	(No symbol) [0x00007FF6348B2F9F]
	BaseThreadInitThunk [0x00007FF8A636257D+29]
	RtlUserThreadStart [0x00007FF8A6E8AF08+40]
">
      <![CDATA[org.openqa.selenium.SessionNotCreatedException: session not created: This version of ChromeDriver only supports Chrome version 125
Current browser version is 129.0.6668.103 with binary path C:\Users\masum\AppData\Local\Google\Chrome\Application\chrome.exe
Build info: version: '3.141.59', revision: 'e82be7d358', time: '2018-11-14T08:17:03'
System info: host: 'MASUM', ip: '192.168.1.77', os.name: 'Windows 11', os.arch: 'amd64', os.version: '10.0', java.version: '17.0.7'
Driver info: driver.version: ChromeDriver
remote stacktrace: GetHandleVerifier [0x00007FF634941F52+60322]
(No symbol) [0x00007FF6348BCEC9]
(No symbol) [0x00007FF634777EBA]
(No symbol) [0x00007FF6347B6202]
(No symbol) [0x00007FF6347B53D8]
(No symbol) [0x00007FF6347AEFD7]
(No symbol) [0x00007FF6347AAF74]
(No symbol) [0x00007FF6347F7934]
(No symbol) [0x00007FF6347F6F90]
(No symbol) [0x00007FF6347EBFC3]
(No symbol) [0x00007FF6347B9617]
(No symbol) [0x00007FF6347BA211]
GetHandleVerifier [0x00007FF634C5949D+3301613]
GetHandleVerifier [0x00007FF634CA36C3+3605267]
GetHandleVerifier [0x00007FF634C99440+3563664]
GetHandleVerifier [0x00007FF6349F4326+790390]
(No symbol) [0x00007FF6348C750F]
(No symbol) [0x00007FF6348C3404]
(No symbol) [0x00007FF6348C3592]
(No symbol) [0x00007FF6348B2F9F]
BaseThreadInitThunk [0x00007FF8A636257D+29]
RtlUserThreadStart [0x00007FF8A6E8AF08+40]

at org.openqa.selenium.remote.W3CHandshakeResponse.lambda$errorHandler$0(W3CHandshakeResponse.java:62)
at org.openqa.selenium.remote.HandshakeResponse.lambda$getResponseFunction$0(HandshakeResponse.java:30)
at org.openqa.selenium.remote.ProtocolHandshake.lambda$createSession$0(ProtocolHandshake.java:126)
at java.base/java.util.stream.ReferencePipeline$3$1.accept(ReferencePipeline.java:197)
at java.base/java.util.Spliterators$ArraySpliterator.tryAdvance(Spliterators.java:1002)
at java.base/java.util.stream.ReferencePipeline.forEachWithCancel(ReferencePipeline.java:129)
at java.base/java.util.stream.AbstractPipeline.copyIntoWithCancel(AbstractPipeline.java:527)
at java.base/java.util.stream.AbstractPipeline.copyInto(AbstractPipeline.java:513)
at java.base/java.util.stream.AbstractPipeline.wrapAndCopyInto(AbstractPipeline.java:499)
at java.base/java.util.stream.FindOps$FindOp.evaluateSequential(FindOps.java:150)
at java.base/java.util.stream.AbstractPipeline.evaluate(AbstractPipeline.java:234)
at java.base/java.util.stream.ReferencePipeline.findFirst(ReferencePipeline.java:647)
at org.openqa.selenium.remote.ProtocolHandshake.createSession(ProtocolHandshake.java:128)
at org.openqa.selenium.remote.ProtocolHandshake.createSession(ProtocolHandshake.java:74)
at org.openqa.selenium.remote.HttpCommandExecutor.execute(HttpCommandExecutor.java:136)
at org.openqa.selenium.remote.service.DriverCommandExecutor.execute(DriverCommandExecutor.java:83)
at org.openqa.selenium.remote.RemoteWebDriver.execute(RemoteWebDriver.java:552)
at org.openqa.selenium.remote.RemoteWebDriver.startSession(RemoteWebDriver.java:213)
at org.openqa.selenium.remote.RemoteWebDriver.<init>(RemoteWebDriver.java:131)
at org.openqa.selenium.chrome.ChromeDriver.<init>(ChromeDriver.java:181)
at org.openqa.selenium.chrome.ChromeDriver.<init>(ChromeDriver.java:168)
at org.openqa.selenium.chrome.ChromeDriver.<init>(ChromeDriver.java:123)
at com.DemoAutomationBank.testCases.BaseClass.setup(BaseClass.java:47)
at java.base/java.util.ArrayList.forEach(ArrayList.java:1511)
... Removed 30 stack frames]]>
    </failure>
  </testcase> <!-- @BeforeClass setup -->
  <testcase classname="com.DemoAutomationBank.testCases.BaseClass" name="@AfterClass tearDown" time="0.0">
    <skipped/>
  </testcase> <!-- @AfterClass tearDown -->
  <testcase classname="com.DemoAutomationBank.testCases.CustomerLogin_TestCase" name="CustomerLoginValidDetailsTest" time="0.0">
    <skipped/>
  </testcase> <!-- CustomerLoginValidDetailsTest -->
  <testcase classname="com.DemoAutomationBank.testCases.CustomerLogin_TestCase" name="CustomerLoginValidDetailsTest" time="0.0">
    <skipped/>
  </testcase> <!-- CustomerLoginValidDetailsTest -->
  <testcase classname="com.DemoAutomationBank.testCases.CustomerLogin_TestCase" name="CustomerLoginValidDetailsTest" time="0.0">
    <skipped/>
  </testcase> <!-- CustomerLoginValidDetailsTest -->
  <testcase classname="com.DemoAutomationBank.testCases.CustomerLogin_TestCase" name="CustomerLoginValidDetailsTest" time="0.0">
    <skipped/>
  </testcase> <!-- CustomerLoginValidDetailsTest -->
  <testcase classname="com.DemoAutomationBank.testCases.CustomerLogin_TestCase" name="CustomerLoginValidDetailsTest" time="0.0">
    <skipped/>
  </testcase> <!-- CustomerLoginValidDetailsTest -->
  <testcase classname="com.DemoAutomationBank.testCases.CustomerLogin_TestCase" name="CustomerLoginValidDetailsTest" time="0.0">
    <skipped/>
  </testcase> <!-- CustomerLoginValidDetailsTest -->
  <testcase classname="com.DemoAutomationBank.testCases.CustomerLogin_TestCase" name="CustomerLoginValidDetailsTest" time="0.0">
    <skipped/>
  </testcase> <!-- CustomerLoginValidDetailsTest -->
  <testcase classname="com.DemoAutomationBank.testCases.CustomerLogin_TestCase" name="CustomerLoginValidDetailsTest" time="0.0">
    <skipped/>
  </testcase> <!-- CustomerLoginValidDetailsTest -->
  <testcase classname="com.DemoAutomationBank.testCases.CustomerLogin_TestCase" name="CustomerLoginValidDetailsTest" time="0.0">
    <skipped/>
  </testcase> <!-- CustomerLoginValidDetailsTest -->
  <testcase classname="com.DemoAutomationBank.testCases.CustomerLogin_TestCase" name="CustomerLoginValidDetailsTest" time="0.0">
    <skipped/>
  </testcase> <!-- CustomerLoginValidDetailsTest -->
  <testcase classname="com.DemoAutomationBank.testCases.CustomerLogin_TestCase" name="CustomerLoginValidDetailsTest" time="0.0">
    <skipped/>
  </testcase> <!-- CustomerLoginValidDetailsTest -->
  <testcase classname="com.DemoAutomationBank.testCases.CustomerLogin_TestCase" name="CustomerLoginValidDetailsTest" time="0.0">
    <skipped/>
  </testcase> <!-- CustomerLoginValidDetailsTest -->
  <testcase classname="com.DemoAutomationBank.testCases.CustomerLogin_TestCase" name="CustomerLoginValidDetailsTest" time="0.0">
    <skipped/>
  </testcase> <!-- CustomerLoginValidDetailsTest -->
  <testcase classname="com.DemoAutomationBank.testCases.CustomerLogin_TestCase" name="CustomerLoginValidDetailsTest" time="0.0">
    <skipped/>
  </testcase> <!-- CustomerLoginValidDetailsTest -->
  <testcase classname="com.DemoAutomationBank.testCases.CustomerLogin_TestCase" name="CustomerLoginValidDetailsTest" time="0.0">
    <skipped/>
  </testcase> <!-- CustomerLoginValidDetailsTest -->
  <testcase classname="com.DemoAutomationBank.testCases.CustomerLogin_TestCase" name="CustomerLoginValidDetailsTest" time="0.0">
    <skipped/>
  </testcase> <!-- CustomerLoginValidDetailsTest -->
  <testcase classname="com.DemoAutomationBank.testCases.CustomerLogin_TestCase" name="CustomerLoginValidDetailsTest" time="0.0">
    <skipped/>
  </testcase> <!-- CustomerLoginValidDetailsTest -->
  <testcase classname="com.DemoAutomationBank.testCases.CustomerLogin_TestCase" name="CustomerLoginValidDetailsTest" time="0.0">
    <skipped/>
  </testcase> <!-- CustomerLoginValidDetailsTest -->
  <testcase classname="com.DemoAutomationBank.testCases.CustomerLogin_TestCase" name="CustomerLoginValidDetailsTest" time="0.0">
    <skipped/>
  </testcase> <!-- CustomerLoginValidDetailsTest -->
  <testcase classname="com.DemoAutomationBank.testCases.CustomerLogin_TestCase" name="CustomerLoginValidDetailsTest" time="0.0">
    <skipped/>
  </testcase> <!-- CustomerLoginValidDetailsTest -->
  <testcase classname="com.DemoAutomationBank.testCases.CustomerLogin_TestCase" name="CustomerLoginValidDetailsTest" time="0.0">
    <skipped/>
  </testcase> <!-- CustomerLoginValidDetailsTest -->
  <testcase classname="com.DemoAutomationBank.testCases.CustomerLogin_TestCase" name="CustomerLoginValidDetailsTest" time="0.0">
    <skipped/>
  </testcase> <!-- CustomerLoginValidDetailsTest -->
  <testcase classname="com.DemoAutomationBank.testCases.CustomerLogin_TestCase" name="CustomerLoginValidDetailsTest" time="0.0">
    <skipped/>
  </testcase> <!-- CustomerLoginValidDetailsTest -->
  <testcase classname="com.DemoAutomationBank.testCases.CustomerLogin_TestCase" name="CustomerLoginValidDetailsTest" time="0.0">
    <skipped/>
  </testcase> <!-- CustomerLoginValidDetailsTest -->
  <testcase classname="com.DemoAutomationBank.testCases.CustomerLogin_TestCase" name="CustomerLoginValidDetailsTest" time="0.0">
    <skipped/>
  </testcase> <!-- CustomerLoginValidDetailsTest -->
  <testcase classname="com.DemoAutomationBank.testCases.CustomerLogin_TestCase" name="CustomerLoginValidDetailsTest" time="0.0">
    <skipped/>
  </testcase> <!-- CustomerLoginValidDetailsTest -->
  <testcase classname="com.DemoAutomationBank.testCases.CustomerLogin_TestCase" name="CustomerLoginValidDetailsTest" time="0.0">
    <skipped/>
  </testcase> <!-- CustomerLoginValidDetailsTest -->
  <testcase classname="com.DemoAutomationBank.testCases.CustomerLogin_TestCase" name="CustomerLoginValidDetailsTest" time="0.001">
    <skipped/>
  </testcase> <!-- CustomerLoginValidDetailsTest -->
  <testcase classname="com.DemoAutomationBank.testCases.CustomerLogin_TestCase" name="CustomerLoginValidDetailsTest" time="0.0">
    <skipped/>
  </testcase> <!-- CustomerLoginValidDetailsTest -->
  <testcase classname="com.DemoAutomationBank.testCases.CustomerLogin_TestCase" name="CustomerLoginValidDetailsTest" time="0.0">
    <skipped/>
  </testcase> <!-- CustomerLoginValidDetailsTest -->
  <testcase classname="com.DemoAutomationBank.testCases.CustomerLogin_TestCase" name="CustomerLoginValidDetailsTest" time="0.0">
    <skipped/>
  </testcase> <!-- CustomerLoginValidDetailsTest -->
  <testcase classname="com.DemoAutomationBank.testCases.CustomerLogin_TestCase" name="CustomerLoginValidDetailsTest" time="0.0">
    <skipped/>
  </testcase> <!-- CustomerLoginValidDetailsTest -->
  <testcase classname="com.DemoAutomationBank.testCases.CustomerLogin_TestCase" name="CustomerLoginValidDetailsTest" time="0.0">
    <skipped/>
  </testcase> <!-- CustomerLoginValidDetailsTest -->
  <testcase classname="com.DemoAutomationBank.testCases.CustomerLogin_TestCase" name="CustomerLoginValidDetailsTest" time="0.0">
    <skipped/>
  </testcase> <!-- CustomerLoginValidDetailsTest -->
  <testcase classname="com.DemoAutomationBank.testCases.CustomerLogin_TestCase" name="CustomerLoginValidDetailsTest" time="0.0">
    <skipped/>
  </testcase> <!-- CustomerLoginValidDetailsTest -->
  <testcase classname="com.DemoAutomationBank.testCases.CustomerLogin_TestCase" name="CustomerLoginValidDetailsTest" time="0.0">
    <skipped/>
  </testcase> <!-- CustomerLoginValidDetailsTest -->
  <testcase classname="com.DemoAutomationBank.testCases.CustomerLogin_TestCase" name="CustomerLoginValidDetailsTest" time="0.0">
    <skipped/>
  </testcase> <!-- CustomerLoginValidDetailsTest -->
  <testcase classname="com.DemoAutomationBank.testCases.CustomerLogin_TestCase" name="CustomerLoginValidDetailsTest" time="0.0">
    <skipped/>
  </testcase> <!-- CustomerLoginValidDetailsTest -->
  <testcase classname="com.DemoAutomationBank.testCases.CustomerLogin_TestCase" name="CustomerLoginValidDetailsTest" time="0.0">
    <skipped/>
  </testcase> <!-- CustomerLoginValidDetailsTest -->
  <testcase classname="com.DemoAutomationBank.testCases.CustomerLogin_TestCase" name="CustomerLoginValidDetailsTest" time="0.0">
    <skipped/>
  </testcase> <!-- CustomerLoginValidDetailsTest -->
  <testcase classname="com.DemoAutomationBank.testCases.CustomerLogin_TestCase" name="CustomerLoginValidDetailsTest" time="0.0">
    <skipped/>
  </testcase> <!-- CustomerLoginValidDetailsTest -->
  <testcase classname="com.DemoAutomationBank.testCases.CustomerLogin_TestCase" name="CustomerLoginValidDetailsTest" time="0.0">
    <skipped/>
  </testcase> <!-- CustomerLoginValidDetailsTest -->
  <testcase classname="com.DemoAutomationBank.testCases.CustomerLogin_TestCase" name="CustomerLoginValidDetailsTest" time="0.0">
    <skipped/>
  </testcase> <!-- CustomerLoginValidDetailsTest -->
  <testcase classname="com.DemoAutomationBank.testCases.CustomerLogin_TestCase" name="CustomerLoginValidDetailsTest" time="0.0">
    <skipped/>
  </testcase> <!-- CustomerLoginValidDetailsTest -->
  <testcase classname="com.DemoAutomationBank.testCases.CustomerLogin_TestCase" name="CustomerLoginValidDetailsTest" time="0.0">
    <skipped/>
  </testcase> <!-- CustomerLoginValidDetailsTest -->
  <testcase classname="com.DemoAutomationBank.testCases.CustomerLogin_TestCase" name="CustomerLoginValidDetailsTest" time="0.0">
    <skipped/>
  </testcase> <!-- CustomerLoginValidDetailsTest -->
  <testcase classname="com.DemoAutomationBank.testCases.CustomerLogin_TestCase" name="CustomerLoginValidDetailsTest" time="0.0">
    <skipped/>
  </testcase> <!-- CustomerLoginValidDetailsTest -->
  <testcase classname="com.DemoAutomationBank.testCases.CustomerLogin_TestCase" name="CustomerLoginValidDetailsTest" time="0.0">
    <skipped/>
  </testcase> <!-- CustomerLoginValidDetailsTest -->
  <testcase classname="com.DemoAutomationBank.testCases.CustomerLogin_TestCase" name="CustomerLoginValidDetailsTest" time="0.0">
    <skipped/>
  </testcase> <!-- CustomerLoginValidDetailsTest -->
  <testcase classname="com.DemoAutomationBank.testCases.CustomerLogin_TestCase" name="CustomerLoginValidDetailsTest" time="0.0">
    <skipped/>
  </testcase> <!-- CustomerLoginValidDetailsTest -->
  <testcase classname="com.DemoAutomationBank.testCases.CustomerLogin_TestCase" name="CustomerLoginValidDetailsTest" time="0.0">
    <skipped/>
  </testcase> <!-- CustomerLoginValidDetailsTest -->
  <testcase classname="com.DemoAutomationBank.testCases.CustomerLogin_TestCase" name="CustomerLoginValidDetailsTest" time="0.0">
    <skipped/>
  </testcase> <!-- CustomerLoginValidDetailsTest -->
  <testcase classname="com.DemoAutomationBank.testCases.CustomerLogin_TestCase" name="CustomerLoginValidDetailsTest" time="0.001">
    <skipped/>
  </testcase> <!-- CustomerLoginValidDetailsTest -->
  <testcase classname="com.DemoAutomationBank.testCases.CustomerLogin_TestCase" name="CustomerLoginValidDetailsTest" time="0.0">
    <skipped/>
  </testcase> <!-- CustomerLoginValidDetailsTest -->
  <testcase classname="com.DemoAutomationBank.testCases.CustomerLogin_TestCase" name="CustomerLoginValidDetailsTest" time="0.0">
    <skipped/>
  </testcase> <!-- CustomerLoginValidDetailsTest -->
  <testcase classname="com.DemoAutomationBank.testCases.CustomerLogin_TestCase" name="CustomerLoginValidDetailsTest" time="0.0">
    <skipped/>
  </testcase> <!-- CustomerLoginValidDetailsTest -->
  <testcase classname="com.DemoAutomationBank.testCases.CustomerLogin_TestCase" name="CustomerLoginValidDetailsTest" time="0.0">
    <skipped/>
  </testcase> <!-- CustomerLoginValidDetailsTest -->
  <testcase classname="com.DemoAutomationBank.testCases.CustomerLogin_TestCase" name="CustomerLoginValidDetailsTest" time="0.0">
    <skipped/>
  </testcase> <!-- CustomerLoginValidDetailsTest -->
  <testcase classname="com.DemoAutomationBank.testCases.CustomerLogin_TestCase" name="CustomerLoginValidDetailsTest" time="0.0">
    <skipped/>
  </testcase> <!-- CustomerLoginValidDetailsTest -->
  <testcase classname="com.DemoAutomationBank.testCases.CustomerLogin_TestCase" name="CustomerLoginValidDetailsTest" time="0.0">
    <skipped/>
  </testcase> <!-- CustomerLoginValidDetailsTest -->
  <testcase classname="com.DemoAutomationBank.testCases.CustomerLogin_TestCase" name="CustomerLoginValidDetailsTest" time="0.0">
    <skipped/>
  </testcase> <!-- CustomerLoginValidDetailsTest -->
  <testcase classname="com.DemoAutomationBank.testCases.CustomerLogin_TestCase" name="CustomerLoginValidDetailsTest" time="0.0">
    <skipped/>
  </testcase> <!-- CustomerLoginValidDetailsTest -->
  <testcase classname="com.DemoAutomationBank.testCases.CustomerLogin_TestCase" name="CustomerLoginValidDetailsTest" time="0.0">
    <skipped/>
  </testcase> <!-- CustomerLoginValidDetailsTest -->
  <testcase classname="com.DemoAutomationBank.testCases.CustomerLogin_TestCase" name="CustomerLoginValidDetailsTest" time="0.0">
    <skipped/>
  </testcase> <!-- CustomerLoginValidDetailsTest -->
  <testcase classname="com.DemoAutomationBank.testCases.CustomerLogin_TestCase" name="CustomerLoginValidDetailsTest" time="0.0">
    <skipped/>
  </testcase> <!-- CustomerLoginValidDetailsTest -->
  <testcase classname="com.DemoAutomationBank.testCases.CustomerLogin_TestCase" name="CustomerLoginValidDetailsTest" time="0.0">
    <skipped/>
  </testcase> <!-- CustomerLoginValidDetailsTest -->
  <testcase classname="com.DemoAutomationBank.testCases.CustomerLogin_TestCase" name="CustomerLoginValidDetailsTest" time="0.0">
    <skipped/>
  </testcase> <!-- CustomerLoginValidDetailsTest -->
  <testcase classname="com.DemoAutomationBank.testCases.CustomerLogin_TestCase" name="CustomerLoginValidDetailsTest" time="0.0">
    <skipped/>
  </testcase> <!-- CustomerLoginValidDetailsTest -->
  <testcase classname="com.DemoAutomationBank.testCases.CustomerLogin_TestCase" name="CustomerLoginValidDetailsTest" time="0.0">
    <skipped/>
  </testcase> <!-- CustomerLoginValidDetailsTest -->
  <testcase classname="com.DemoAutomationBank.testCases.CustomerLogin_TestCase" name="CustomerLoginValidDetailsTest" time="0.0">
    <skipped/>
  </testcase> <!-- CustomerLoginValidDetailsTest -->
  <testcase classname="com.DemoAutomationBank.testCases.CustomerLogin_TestCase" name="CustomerLoginValidDetailsTest" time="0.0">
    <skipped/>
  </testcase> <!-- CustomerLoginValidDetailsTest -->
  <testcase classname="com.DemoAutomationBank.testCases.CustomerLogin_TestCase" name="CustomerLoginValidDetailsTest" time="0.0">
    <skipped/>
  </testcase> <!-- CustomerLoginValidDetailsTest -->
  <testcase classname="com.DemoAutomationBank.testCases.CustomerLogin_TestCase" name="CustomerLoginValidDetailsTest" time="0.0">
    <skipped/>
  </testcase> <!-- CustomerLoginValidDetailsTest -->
  <testcase classname="com.DemoAutomationBank.testCases.CustomerLogin_TestCase" name="CustomerLoginValidDetailsTest" time="0.0">
    <skipped/>
  </testcase> <!-- CustomerLoginValidDetailsTest -->
  <testcase classname="com.DemoAutomationBank.testCases.CustomerLogin_TestCase" name="CustomerLoginValidDetailsTest" time="0.0">
    <skipped/>
  </testcase> <!-- CustomerLoginValidDetailsTest -->
  <testcase classname="com.DemoAutomationBank.testCases.CustomerLogin_TestCase" name="CustomerLoginValidDetailsTest" time="0.0">
    <skipped/>
  </testcase> <!-- CustomerLoginValidDetailsTest -->
  <testcase classname="com.DemoAutomationBank.testCases.CustomerLogin_TestCase" name="CustomerLoginValidDetailsTest" time="0.0">
    <skipped/>
  </testcase> <!-- CustomerLoginValidDetailsTest -->
  <testcase classname="com.DemoAutomationBank.testCases.CustomerLogin_TestCase" name="CustomerLoginValidDetailsTest" time="0.0">
    <skipped/>
  </testcase> <!-- CustomerLoginValidDetailsTest -->
  <testcase classname="com.DemoAutomationBank.testCases.CustomerLogin_TestCase" name="CustomerLoginValidDetailsTest" time="0.0">
    <skipped/>
  </testcase> <!-- CustomerLoginValidDetailsTest -->
  <testcase classname="com.DemoAutomationBank.testCases.CustomerLogin_TestCase" name="CustomerLoginValidDetailsTest" time="0.0">
    <skipped/>
  </testcase> <!-- CustomerLoginValidDetailsTest -->
  <testcase classname="com.DemoAutomationBank.testCases.CustomerLogin_TestCase" name="CustomerLoginValidDetailsTest" time="0.0">
    <skipped/>
  </testcase> <!-- CustomerLoginValidDetailsTest -->
  <testcase classname="com.DemoAutomationBank.testCases.CustomerLogin_TestCase" name="CustomerLoginValidDetailsTest" time="0.0">
    <skipped/>
  </testcase> <!-- CustomerLoginValidDetailsTest -->
  <testcase classname="com.DemoAutomationBank.testCases.CustomerLogin_TestCase" name="CustomerLoginValidDetailsTest" time="0.0">
    <skipped/>
  </testcase> <!-- CustomerLoginValidDetailsTest -->
  <testcase classname="com.DemoAutomationBank.testCases.CustomerLogin_TestCase" name="CustomerLoginValidDetailsTest" time="0.0">
    <skipped/>
  </testcase> <!-- CustomerLoginValidDetailsTest -->
  <testcase classname="com.DemoAutomationBank.testCases.CustomerLogin_TestCase" name="CustomerLoginValidDetailsTest" time="0.0">
    <skipped/>
  </testcase> <!-- CustomerLoginValidDetailsTest -->
  <testcase classname="com.DemoAutomationBank.testCases.CustomerLogin_TestCase" name="CustomerLoginValidDetailsTest" time="0.0">
    <skipped/>
  </testcase> <!-- CustomerLoginValidDetailsTest -->
  <testcase classname="com.DemoAutomationBank.testCases.CustomerLogin_TestCase" name="CustomerLoginValidDetailsTest" time="0.0">
    <skipped/>
  </testcase> <!-- CustomerLoginValidDetailsTest -->
  <testcase classname="com.DemoAutomationBank.testCases.CustomerLogin_TestCase" name="CustomerLoginValidDetailsTest" time="0.0">
    <skipped/>
  </testcase> <!-- CustomerLoginValidDetailsTest -->
  <testcase classname="com.DemoAutomationBank.testCases.CustomerLogin_TestCase" name="CustomerLoginValidDetailsTest" time="0.0">
    <skipped/>
  </testcase> <!-- CustomerLoginValidDetailsTest -->
  <testcase classname="com.DemoAutomationBank.testCases.CustomerLogin_TestCase" name="CustomerLoginValidDetailsTest" time="0.001">
    <skipped/>
  </testcase> <!-- CustomerLoginValidDetailsTest -->
  <testcase classname="com.DemoAutomationBank.testCases.CustomerLogin_TestCase" name="CustomerLoginValidDetailsTest" time="0.0">
    <skipped/>
  </testcase> <!-- CustomerLoginValidDetailsTest -->
  <testcase classname="com.DemoAutomationBank.testCases.CustomerLogin_TestCase" name="CustomerLoginValidDetailsTest" time="0.0">
    <skipped/>
  </testcase> <!-- CustomerLoginValidDetailsTest -->
  <testcase classname="com.DemoAutomationBank.testCases.CustomerLogin_TestCase" name="CustomerLoginValidDetailsTest" time="0.0">
    <skipped/>
  </testcase> <!-- CustomerLoginValidDetailsTest -->
  <testcase classname="com.DemoAutomationBank.testCases.CustomerLogin_TestCase" name="CustomerLoginValidDetailsTest" time="0.0">
    <skipped/>
  </testcase> <!-- CustomerLoginValidDetailsTest -->
  <testcase classname="com.DemoAutomationBank.testCases.CustomerLogin_TestCase" name="CustomerLoginValidDetailsTest" time="0.0">
    <skipped/>
  </testcase> <!-- CustomerLoginValidDetailsTest -->
  <testcase classname="com.DemoAutomationBank.testCases.CustomerLogin_TestCase" name="CustomerLoginValidDetailsTest" time="0.0">
    <skipped/>
  </testcase> <!-- CustomerLoginValidDetailsTest -->
  <testcase classname="com.DemoAutomationBank.testCases.CustomerLogin_TestCase" name="CustomerLoginValidDetailsTest" time="0.0">
    <skipped/>
  </testcase> <!-- CustomerLoginValidDetailsTest -->
  <testcase classname="com.DemoAutomationBank.testCases.CustomerLogin_TestCase" name="CustomerLoginValidDetailsTest" time="0.0">
    <skipped/>
  </testcase> <!-- CustomerLoginValidDetailsTest -->
  <testcase classname="com.DemoAutomationBank.testCases.CustomerLogin_TestCase" name="CustomerLoginValidDetailsTest" time="0.0">
    <skipped/>
  </testcase> <!-- CustomerLoginValidDetailsTest -->
  <testcase classname="com.DemoAutomationBank.testCases.CustomerLogin_TestCase" name="CustomerLoginValidDetailsTest" time="0.0">
    <skipped/>
  </testcase> <!-- CustomerLoginValidDetailsTest -->
  <testcase classname="com.DemoAutomationBank.testCases.CustomerLogin_TestCase" name="CustomerLoginValidDetailsTest" time="0.0">
    <skipped/>
  </testcase> <!-- CustomerLoginValidDetailsTest -->
  <testcase classname="com.DemoAutomationBank.testCases.CustomerLogin_TestCase" name="CustomerLoginValidDetailsTest" time="0.0">
    <skipped/>
  </testcase> <!-- CustomerLoginValidDetailsTest -->
  <testcase classname="com.DemoAutomationBank.testCases.CustomerLogin_TestCase" name="CustomerLoginValidDetailsTest" time="0.0">
    <skipped/>
  </testcase> <!-- CustomerLoginValidDetailsTest -->
  <testcase classname="com.DemoAutomationBank.testCases.CustomerLogin_TestCase" name="CustomerLoginValidDetailsTest" time="0.0">
    <skipped/>
  </testcase> <!-- CustomerLoginValidDetailsTest -->
  <testcase classname="com.DemoAutomationBank.testCases.CustomerLogin_TestCase" name="CustomerLoginValidDetailsTest" time="0.0">
    <skipped/>
  </testcase> <!-- CustomerLoginValidDetailsTest -->
  <testcase classname="com.DemoAutomationBank.testCases.CustomerLogin_TestCase" name="CustomerLoginValidDetailsTest" time="0.0">
    <skipped/>
  </testcase> <!-- CustomerLoginValidDetailsTest -->
  <testcase classname="com.DemoAutomationBank.testCases.CustomerLogin_TestCase" name="CustomerLoginValidDetailsTest" time="0.0">
    <skipped/>
  </testcase> <!-- CustomerLoginValidDetailsTest -->
  <testcase classname="com.DemoAutomationBank.testCases.CustomerLogin_TestCase" name="CustomerLoginValidDetailsTest" time="0.0">
    <skipped/>
  </testcase> <!-- CustomerLoginValidDetailsTest -->
  <testcase classname="com.DemoAutomationBank.testCases.CustomerLogin_TestCase" name="CustomerLoginValidDetailsTest" time="0.0">
    <skipped/>
  </testcase> <!-- CustomerLoginValidDetailsTest -->
  <testcase classname="com.DemoAutomationBank.testCases.CustomerLogin_TestCase" name="CustomerLoginValidDetailsTest" time="0.0">
    <skipped/>
  </testcase> <!-- CustomerLoginValidDetailsTest -->
  <testcase classname="com.DemoAutomationBank.testCases.CustomerLogin_TestCase" name="CustomerLoginValidDetailsTest" time="0.0">
    <skipped/>
  </testcase> <!-- CustomerLoginValidDetailsTest -->
  <testcase classname="com.DemoAutomationBank.testCases.CustomerLogin_TestCase" name="CustomerLoginValidDetailsTest" time="0.0">
    <skipped/>
  </testcase> <!-- CustomerLoginValidDetailsTest -->
  <testcase classname="com.DemoAutomationBank.testCases.CustomerLogin_TestCase" name="CustomerLoginValidDetailsTest" time="0.0">
    <skipped/>
  </testcase> <!-- CustomerLoginValidDetailsTest -->
  <testcase classname="com.DemoAutomationBank.testCases.CustomerLogin_TestCase" name="CustomerLoginValidDetailsTest" time="0.0">
    <skipped/>
  </testcase> <!-- CustomerLoginValidDetailsTest -->
  <testcase classname="com.DemoAutomationBank.testCases.CustomerLogin_TestCase" name="CustomerLoginValidDetailsTest" time="0.0">
    <skipped/>
  </testcase> <!-- CustomerLoginValidDetailsTest -->
  <testcase classname="com.DemoAutomationBank.testCases.CustomerLogin_TestCase" name="CustomerLoginValidDetailsTest" time="0.0">
    <skipped/>
  </testcase> <!-- CustomerLoginValidDetailsTest -->
  <testcase classname="com.DemoAutomationBank.testCases.CustomerLogin_TestCase" name="CustomerLoginValidDetailsTest" time="0.0">
    <skipped/>
  </testcase> <!-- CustomerLoginValidDetailsTest -->
  <testcase classname="com.DemoAutomationBank.testCases.CustomerLogin_TestCase" name="CustomerLoginValidDetailsTest" time="0.0">
    <skipped/>
  </testcase> <!-- CustomerLoginValidDetailsTest -->
  <testcase classname="com.DemoAutomationBank.testCases.CustomerLogin_TestCase" name="CustomerLoginValidDetailsTest" time="0.0">
    <skipped/>
  </testcase> <!-- CustomerLoginValidDetailsTest -->
  <testcase classname="com.DemoAutomationBank.testCases.CustomerLogin_TestCase" name="CustomerLoginValidDetailsTest" time="0.0">
    <skipped/>
  </testcase> <!-- CustomerLoginValidDetailsTest -->
  <testcase classname="com.DemoAutomationBank.testCases.CustomerLogin_TestCase" name="CustomerLoginValidDetailsTest" time="0.0">
    <skipped/>
  </testcase> <!-- CustomerLoginValidDetailsTest -->
  <testcase classname="com.DemoAutomationBank.testCases.CustomerLogin_TestCase" name="CustomerLoginValidDetailsTest" time="0.0">
    <skipped/>
  </testcase> <!-- CustomerLoginValidDetailsTest -->
  <testcase classname="com.DemoAutomationBank.testCases.CustomerLogin_TestCase" name="CustomerLoginValidDetailsTest" time="0.0">
    <skipped/>
  </testcase> <!-- CustomerLoginValidDetailsTest -->
  <testcase classname="com.DemoAutomationBank.testCases.CustomerLogin_TestCase" name="CustomerLoginValidDetailsTest" time="0.0">
    <skipped/>
  </testcase> <!-- CustomerLoginValidDetailsTest -->
  <testcase classname="com.DemoAutomationBank.testCases.CustomerLogin_TestCase" name="CustomerLoginValidDetailsTest" time="0.0">
    <skipped/>
  </testcase> <!-- CustomerLoginValidDetailsTest -->
  <testcase classname="com.DemoAutomationBank.testCases.CustomerLogin_TestCase" name="CustomerLoginValidDetailsTest" time="0.0">
    <skipped/>
  </testcase> <!-- CustomerLoginValidDetailsTest -->
  <testcase classname="com.DemoAutomationBank.testCases.CustomerLogin_TestCase" name="CustomerLoginValidDetailsTest" time="0.0">
    <skipped/>
  </testcase> <!-- CustomerLoginValidDetailsTest -->
  <testcase classname="com.DemoAutomationBank.testCases.CustomerLogin_TestCase" name="CustomerLoginValidDetailsTest" time="0.0">
    <skipped/>
  </testcase> <!-- CustomerLoginValidDetailsTest -->
  <testcase classname="com.DemoAutomationBank.testCases.CustomerLogin_TestCase" name="CustomerLoginValidDetailsTest" time="0.0">
    <skipped/>
  </testcase> <!-- CustomerLoginValidDetailsTest -->
  <testcase classname="com.DemoAutomationBank.testCases.CustomerLogin_TestCase" name="CustomerLoginValidDetailsTest" time="0.0">
    <skipped/>
  </testcase> <!-- CustomerLoginValidDetailsTest -->
  <testcase classname="com.DemoAutomationBank.testCases.CustomerLogin_TestCase" name="CustomerLoginValidDetailsTest" time="0.0">
    <skipped/>
  </testcase> <!-- CustomerLoginValidDetailsTest -->
  <testcase classname="com.DemoAutomationBank.testCases.CustomerLogin_TestCase" name="CustomerLoginValidDetailsTest" time="0.0">
    <skipped/>
  </testcase> <!-- CustomerLoginValidDetailsTest -->
  <testcase classname="com.DemoAutomationBank.testCases.CustomerLogin_TestCase" name="CustomerLoginValidDetailsTest" time="0.0">
    <skipped/>
  </testcase> <!-- CustomerLoginValidDetailsTest -->
  <testcase classname="com.DemoAutomationBank.testCases.CustomerLogin_TestCase" name="CustomerLoginValidDetailsTest" time="0.0">
    <skipped/>
  </testcase> <!-- CustomerLoginValidDetailsTest -->
  <testcase classname="com.DemoAutomationBank.testCases.CustomerLogin_TestCase" name="CustomerLoginValidDetailsTest" time="0.0">
    <skipped/>
  </testcase> <!-- CustomerLoginValidDetailsTest -->
  <testcase classname="com.DemoAutomationBank.testCases.CustomerLogin_TestCase" name="CustomerLoginValidDetailsTest" time="0.0">
    <skipped/>
  </testcase> <!-- CustomerLoginValidDetailsTest -->
  <testcase classname="com.DemoAutomationBank.testCases.CustomerLogin_TestCase" name="CustomerLoginValidDetailsTest" time="0.0">
    <skipped/>
  </testcase> <!-- CustomerLoginValidDetailsTest -->
  <testcase classname="com.DemoAutomationBank.testCases.CustomerLogin_TestCase" name="CustomerLoginValidDetailsTest" time="0.0">
    <skipped/>
  </testcase> <!-- CustomerLoginValidDetailsTest -->
  <testcase classname="com.DemoAutomationBank.testCases.CustomerLogin_TestCase" name="CustomerLoginValidDetailsTest" time="0.0">
    <skipped/>
  </testcase> <!-- CustomerLoginValidDetailsTest -->
  <testcase classname="com.DemoAutomationBank.testCases.CustomerLogin_TestCase" name="CustomerLoginValidDetailsTest" time="0.0">
    <skipped/>
  </testcase> <!-- CustomerLoginValidDetailsTest -->
  <testcase classname="com.DemoAutomationBank.testCases.CustomerLogin_TestCase" name="CustomerLoginValidDetailsTest" time="0.0">
    <skipped/>
  </testcase> <!-- CustomerLoginValidDetailsTest -->
  <testcase classname="com.DemoAutomationBank.testCases.CustomerLogin_TestCase" name="CustomerLoginValidDetailsTest" time="0.0">
    <skipped/>
  </testcase> <!-- CustomerLoginValidDetailsTest -->
  <testcase classname="com.DemoAutomationBank.testCases.CustomerLogin_TestCase" name="CustomerLoginValidDetailsTest" time="0.0">
    <skipped/>
  </testcase> <!-- CustomerLoginValidDetailsTest -->
  <testcase classname="com.DemoAutomationBank.testCases.CustomerLogin_TestCase" name="CustomerLoginValidDetailsTest" time="0.0">
    <skipped/>
  </testcase> <!-- CustomerLoginValidDetailsTest -->
  <testcase classname="com.DemoAutomationBank.testCases.CustomerLogin_TestCase" name="CustomerLoginValidDetailsTest" time="0.0">
    <skipped/>
  </testcase> <!-- CustomerLoginValidDetailsTest -->
  <testcase classname="com.DemoAutomationBank.testCases.CustomerLogin_TestCase" name="CustomerLoginValidDetailsTest" time="0.0">
    <skipped/>
  </testcase> <!-- CustomerLoginValidDetailsTest -->
  <testcase classname="com.DemoAutomationBank.testCases.CustomerLogin_TestCase" name="CustomerLoginValidDetailsTest" time="0.0">
    <skipped/>
  </testcase> <!-- CustomerLoginValidDetailsTest -->
  <testcase classname="com.DemoAutomationBank.testCases.CustomerLogin_TestCase" name="CustomerLoginValidDetailsTest" time="0.0">
    <skipped/>
  </testcase> <!-- CustomerLoginValidDetailsTest -->
  <testcase classname="com.DemoAutomationBank.testCases.CustomerLogin_TestCase" name="CustomerLoginValidDetailsTest" time="0.0">
    <skipped/>
  </testcase> <!-- CustomerLoginValidDetailsTest -->
  <testcase classname="com.DemoAutomationBank.testCases.CustomerLogin_TestCase" name="CustomerLoginValidDetailsTest" time="0.0">
    <skipped/>
  </testcase> <!-- CustomerLoginValidDetailsTest -->
  <testcase classname="com.DemoAutomationBank.testCases.CustomerLogin_TestCase" name="CustomerLoginValidDetailsTest" time="0.0">
    <skipped/>
  </testcase> <!-- CustomerLoginValidDetailsTest -->
  <testcase classname="com.DemoAutomationBank.testCases.CustomerLogin_TestCase" name="CustomerLoginValidDetailsTest" time="0.0">
    <skipped/>
  </testcase> <!-- CustomerLoginValidDetailsTest -->
  <testcase classname="com.DemoAutomationBank.testCases.CustomerLogin_TestCase" name="CustomerLoginValidDetailsTest" time="0.0">
    <skipped/>
  </testcase> <!-- CustomerLoginValidDetailsTest -->
  <testcase classname="com.DemoAutomationBank.testCases.CustomerLogin_TestCase" name="CustomerLoginValidDetailsTest" time="0.0">
    <skipped/>
  </testcase> <!-- CustomerLoginValidDetailsTest -->
  <testcase classname="com.DemoAutomationBank.testCases.CustomerLogin_TestCase" name="CustomerLoginValidDetailsTest" time="0.0">
    <skipped/>
  </testcase> <!-- CustomerLoginValidDetailsTest -->
</testsuite> <!-- Test -->
