<?xml version="1.0" encoding="UTF-8"?>
<testng-results ignored="0" total="1" passed="1" failed="0" skipped="0">
  <reporter-output>
  </reporter-output>
  <suite started-at="2024-01-09T21:44:56 IST" name="Suite" finished-at="2024-01-09T21:45:07 IST" duration-ms="11435">
    <groups>
    </groups>
    <test started-at="2024-01-09T21:44:56 IST" name="Test" finished-at="2024-01-09T21:45:07 IST" duration-ms="11435">
      <class name="com.DemoAutomationBank.testCases.CustomerLogin_TestCase">
        <test-method is-config="true" signature="setup(java.lang.String)[pri:0, instance:com.DemoAutomationBank.testCases.CustomerLogin_TestCase@ca30bc1]" started-at="2024-01-09T21:44:56 IST" name="setup" finished-at="2024-01-09T21:45:00 IST" duration-ms="4265" status="PASS">
          <params>
            <param index="0">
              <value>
                <![CDATA[chrome]]>
              </value>
            </param>
          </params>
          <reporter-output>
          </reporter-output>
        </test-method> <!-- setup -->
        <test-method signature="CustomerLoginValidDetailsTest()[pri:1, instance:com.DemoAutomationBank.testCases.CustomerLogin_TestCase@ca30bc1]" started-at="2024-01-09T21:45:00 IST" name="CustomerLoginValidDetailsTest" finished-at="2024-01-09T21:45:07 IST" duration-ms="6300" status="PASS">
          <reporter-output>
          </reporter-output>
        </test-method> <!-- CustomerLoginValidDetailsTest -->
        <test-method is-config="true" signature="tearDown()[pri:0, instance:com.DemoAutomationBank.testCases.CustomerLogin_TestCase@ca30bc1]" started-at="2024-01-09T21:45:07 IST" name="tearDown" finished-at="2024-01-09T21:45:07 IST" duration-ms="493" status="PASS">
          <reporter-output>
          </reporter-output>
        </test-method> <!-- tearDown -->
      </class> <!-- com.DemoAutomationBank.testCases.CustomerLogin_TestCase -->
    </test> <!-- Test -->
  </suite> <!-- Suite -->
</testng-results>
